[2025-08-11 16:18:51,819 I 17636 21576] (gcs_server.exe) gcs_server_main.cc:91: Ray cluster metadata ray_version=2.46.0 ray_commit=c3dd2ca0c2a24ddf327a213d2e936bd4eaa4ca0a
[2025-08-11 16:18:51,820 I 17636 21576] (gcs_server.exe) io_service_pool.cc:36: IOServicePool is running with 1 io_service.
[2025-08-11 16:18:51,827 I 17636 21576] (gcs_server.exe) event.cc:500: Ray Event initialized for GCS
[2025-08-11 16:18:51,827 I 17636 21576] (gcs_server.exe) event.cc:500: Ray Event initialized for EXPORT_NODE
[2025-08-11 16:18:51,828 I 17636 21576] (gcs_server.exe) event.cc:500: Ray Event initialized for EXPORT_ACTOR
[2025-08-11 16:18:51,828 I 17636 21576] (gcs_server.exe) event.cc:500: Ray Event initialized for EXPORT_DRIVER_JOB
[2025-08-11 16:18:51,828 I 17636 21576] (gcs_server.exe) event.cc:331: Set ray event level to warning
[2025-08-11 16:18:51,829 I 17636 21576] (gcs_server.exe) gcs_server.cc:76: GCS storage type is StorageType::IN_MEMORY
[2025-08-11 16:18:51,830 I 17636 21576] (gcs_server.exe) gcs_init_data.cc:46: Loading job table data.
[2025-08-11 16:18:51,830 I 17636 21576] (gcs_server.exe) gcs_init_data.cc:56: Loading node table data.
[2025-08-11 16:18:51,830 I 17636 21576] (gcs_server.exe) gcs_init_data.cc:78: Loading actor table data.
[2025-08-11 16:18:51,830 I 17636 21576] (gcs_server.exe) gcs_init_data.cc:89: Loading actor task spec table data.
[2025-08-11 16:18:51,830 I 17636 21576] (gcs_server.exe) gcs_init_data.cc:66: Loading placement group table data.
[2025-08-11 16:18:51,830 I 17636 21576] (gcs_server.exe) gcs_init_data.cc:52: Finished loading job table data, size = 0
[2025-08-11 16:18:51,830 I 17636 21576] (gcs_server.exe) gcs_init_data.cc:62: Finished loading node table data, size = 0
[2025-08-11 16:18:51,830 I 17636 21576] (gcs_server.exe) gcs_init_data.cc:85: Finished loading actor table data, size = 0
[2025-08-11 16:18:51,830 I 17636 21576] (gcs_server.exe) gcs_init_data.cc:96: Finished loading actor task spec table data, size = 0
[2025-08-11 16:18:51,830 I 17636 21576] (gcs_server.exe) gcs_init_data.cc:74: Finished loading placement group table data, size = 0
[2025-08-11 16:18:51,830 I 17636 21576] (gcs_server.exe) gcs_server.cc:160: No existing server cluster ID found. Generating new ID: 104470b50a5bdbb12af14632e3b724b4f2f212f2fee0458e55081b2d
[2025-08-11 16:18:51,831 I 17636 21576] (gcs_server.exe) gcs_server.cc:675: Autoscaler V2 enabled: 0
[2025-08-11 16:18:51,832 I 17636 21576] (gcs_server.exe) grpc_server.cc:138: GcsServer server started, listening on port 8888.
[2025-08-11 16:18:51,855 I 17636 21576] (gcs_server.exe) gcs_server.cc:248: Gcs Debug state:

GcsNodeManager: 
- RegisterNode request count: 0
- DrainNode request count: 0
- GetAllNodeInfo request count: 0

GcsActorManager: 
- RegisterActor request count: 0
- CreateActor request count: 0
- GetActorInfo request count: 0
- GetNamedActorInfo request count: 0
- GetAllActorInfo request count: 0
- KillActor request count: 0
- ListNamedActors request count: 0
- Registered actors count: 0
- Destroyed actors count: 0
- Named actors count: 0
- Unresolved actors count: 0
- Pending actors count: 0
- Created actors count: 0
- owners_: 0
- actor_to_register_callbacks_: 0
- actor_to_restart_callbacks_: 0
- actor_to_create_callbacks_: 0
- sorted_destroyed_actor_list_: 0

GcsResourceManager: 
- GetAllAvailableResources request count: 0
- GetAllTotalResources request count: 0
- GetAllResourceUsage request count: 0

GcsPlacementGroupManager: 
- CreatePlacementGroup request count: 0
- RemovePlacementGroup request count: 0
- GetPlacementGroup request count: 0
- GetAllPlacementGroup request count: 0
- WaitPlacementGroupUntilReady request count: 0
- GetNamedPlacementGroup request count: 0
- Scheduling pending placement group count: 0
- Registered placement groups count: 0
- Named placement group count: 0
- Pending placement groups count: 0
- Infeasible placement groups count: 0

Publisher:

[runtime env manager] ID to URIs table:
[runtime env manager] URIs reference table:

GcsTaskManager: 
-Total num task events reported: 0
-Total num status task events dropped: 0
-Total num profile events dropped: 0
-Current num of task events stored: 0
-Total num of actor creation tasks: 0
-Total num of actor tasks: 0
-Total num of normal tasks: 0
-Total num of driver tasks: 0

GcsAutoscalerStateManager: 
- last_seen_autoscaler_state_version_: 0
- last_cluster_resource_state_version_: 0
- pending demands:



[2025-08-11 16:18:51,855 I 17636 21576] (gcs_server.exe) gcs_server.cc:874: Main service Event stats:


Global stats: 24 total (4 active)
Queueing time: mean = 9.385 ms, max = 24.136 ms, min = 200.000 ns, total = 225.230 ms
Execution time:  mean = 2.027 ms, total = 48.640 ms
Event stats:
	GcsInMemoryStore.Put - 8 total (0 active), Execution time: mean = 3.021 ms, total = 24.167 ms, Queueing time: mean = 20.740 ms, max = 23.888 ms, min = 3.300 us, total = 165.918 ms
	GcsInMemoryStore.GetAll - 5 total (0 active), Execution time: mean = 14.120 us, total = 70.600 us, Queueing time: mean = 54.360 us, max = 57.800 us, min = 51.800 us, total = 271.800 us
	PeriodicalRunner.RunFnPeriodically - 4 total (2 active, 1 running), Execution time: mean = 3.875 us, total = 15.500 us, Queueing time: mean = 12.049 ms, max = 24.136 ms, min = 24.059 ms, total = 48.195 ms
	event_loop_lag_probe - 2 total (0 active), Execution time: mean = 89.900 us, total = 179.800 us, Queueing time: mean = 5.330 ms, max = 10.582 ms, min = 78.200 us, total = 10.661 ms
	RayletLoadPulled - 1 total (1 active), Execution time: mean = 0.000 s, total = 0.000 s, Queueing time: mean = 0.000 s, max = -0.000 s, min = 9223372036.855 s, total = 0.000 s
	GcsServer.GetOrGenerateClusterId.continuation - 1 total (0 active), Execution time: mean = 24.142 ms, total = 24.142 ms, Queueing time: mean = 300.000 ns, max = 300.000 ns, min = 300.000 ns, total = 300.000 ns
	GcsInitData::AsyncLoad - 1 total (0 active), Execution time: mean = 18.100 us, total = 18.100 us, Queueing time: mean = 200.000 ns, max = 200.000 ns, min = 200.000 ns, total = 200.000 ns
	ClusterResourceManager.ResetRemoteNodeView - 1 total (1 active), Execution time: mean = 0.000 s, total = 0.000 s, Queueing time: mean = 0.000 s, max = -0.000 s, min = 9223372036.855 s, total = 0.000 s
	GcsInMemoryStore.Get - 1 total (0 active), Execution time: mean = 46.100 us, total = 46.100 us, Queueing time: mean = 183.500 us, max = 183.500 us, min = 183.500 us, total = 183.500 us


[2025-08-11 16:18:51,855 I 17636 21576] (gcs_server.exe) gcs_server.cc:878: task_io_context Event stats:


Global stats: 4 total (1 active)
Queueing time: mean = 72.075 us, max = 255.900 us, min = 9.000 us, total = 288.300 us
Execution time:  mean = 130.400 us, total = 521.600 us
Event stats:
	event_loop_lag_probe - 2 total (0 active), Execution time: mean = 257.350 us, total = 514.700 us, Queueing time: mean = 139.650 us, max = 255.900 us, min = 23.400 us, total = 279.300 us
	GcsTaskManager.GcJobSummary - 1 total (1 active), Execution time: mean = 0.000 s, total = 0.000 s, Queueing time: mean = 0.000 s, max = -0.000 s, min = 9223372036.855 s, total = 0.000 s
	PeriodicalRunner.RunFnPeriodically - 1 total (0 active), Execution time: mean = 6.900 us, total = 6.900 us, Queueing time: mean = 9.000 us, max = 9.000 us, min = 9.000 us, total = 9.000 us


[2025-08-11 16:18:51,855 I 17636 21576] (gcs_server.exe) gcs_server.cc:878: pubsub_io_context Event stats:


Global stats: 4 total (1 active)
Queueing time: mean = 291.250 us, max = 1.147 ms, min = 2.300 us, total = 1.165 ms
Execution time:  mean = 100.050 us, total = 400.200 us
Event stats:
	event_loop_lag_probe - 2 total (0 active), Execution time: mean = 195.700 us, total = 391.400 us, Queueing time: mean = 574.700 us, max = 1.147 ms, min = 2.300 us, total = 1.149 ms
	Publisher.CheckDeadSubscribers - 1 total (1 active), Execution time: mean = 0.000 s, total = 0.000 s, Queueing time: mean = 0.000 s, max = -0.000 s, min = 9223372036.855 s, total = 0.000 s
	PeriodicalRunner.RunFnPeriodically - 1 total (0 active), Execution time: mean = 8.800 us, total = 8.800 us, Queueing time: mean = 15.600 us, max = 15.600 us, min = 15.600 us, total = 15.600 us


[2025-08-11 16:18:51,855 I 17636 21576] (gcs_server.exe) gcs_server.cc:878: ray_syncer_io_context Event stats:


Global stats: 4 total (0 active)
Queueing time: mean = 113.850 us, max = 412.100 us, min = 11.400 us, total = 455.400 us
Execution time:  mean = 197.300 us, total = 789.200 us
Event stats:
	event_loop_lag_probe - 2 total (0 active), Execution time: mean = 392.800 us, total = 785.600 us, Queueing time: mean = 215.300 us, max = 412.100 us, min = 18.500 us, total = 430.600 us
	RaySyncerRegister - 2 total (0 active), Execution time: mean = 1.800 us, total = 3.600 us, Queueing time: mean = 12.400 us, max = 13.400 us, min = 11.400 us, total = 24.800 us


[2025-08-11 16:18:53,478 I 17636 21576] (gcs_server.exe) gcs_node_manager.cc:92: Registering node info, address = 127.0.0.1, node name = 127.0.0.1 node_id=79c4c8724c3c483ad279cb29892eb4008f0c8277d50eb3241edc6ef8
[2025-08-11 16:18:53,478 I 17636 21576] (gcs_server.exe) gcs_node_manager.cc:98: Finished registering node info, address = 127.0.0.1, node name = 127.0.0.1, is_head_node = 1 node_id=79c4c8724c3c483ad279cb29892eb4008f0c8277d50eb3241edc6ef8
[2025-08-11 16:18:53,479 I 17636 21576] (gcs_server.exe) gcs_placement_group_mgr.cc:851: A new node: 79c4c8724c3c483ad279cb29892eb4008f0c8277d50eb3241edc6ef8 registered, will try to reschedule all the infeasible placement groups.
[2025-08-11 16:18:53,489 I 17636 21996] (gcs_server.exe) ray_syncer.cc:244: Get connection node_id=79c4c8724c3c483ad279cb29892eb4008f0c8277d50eb3241edc6ef8
[2025-08-11 16:18:54,303 I 17636 21576] (gcs_server.exe) gcs_node_manager.cc:386: Removing node, node name = 127.0.0.1, death reason = UNEXPECTED_TERMINATION, death message = dashboard_agent failed and raylet fate-shares with it. node_id=79c4c8724c3c483ad279cb29892eb4008f0c8277d50eb3241edc6ef8
[2025-08-11 16:18:54,305 W 17636 21576] (gcs_server.exe) gcs_node_manager.cc:415: The node with node id: 79c4c8724c3c483ad279cb29892eb4008f0c8277d50eb3241edc6ef8 and address: 127.0.0.1 and node name: 127.0.0.1 has been marked dead because the detector has missed too many heartbeats from it. This can happen when a 	(1) raylet crashes unexpectedly (OOM, etc.) 
	(2) raylet has lagging heartbeats due to slow network or busy workload.
[2025-08-11 16:18:54,305 I 17636 21576] (gcs_server.exe) gcs_placement_group_mgr.cc:802: Node is dead, rescheduling the placement groups on the dead node. node_id=79c4c8724c3c483ad279cb29892eb4008f0c8277d50eb3241edc6ef8
[2025-08-11 16:18:54,305 I 17636 21576] (gcs_server.exe) gcs_actor_manager.cc:1299: Node is dead, reconstructing actors. node_id=79c4c8724c3c483ad279cb29892eb4008f0c8277d50eb3241edc6ef8
[2025-08-11 16:18:54,305 I 17636 21576] (gcs_server.exe) gcs_job_manager.cc:478: Node is dead, mark all jobs from this node as finished node_id=79c4c8724c3c483ad279cb29892eb4008f0c8277d50eb3241edc6ef8
[2025-08-11 16:18:54,472 I 17636 16584] (gcs_server.exe) ray_syncer_bidi_reactor_base.h:182: Failed to read the message from: 79c4c8724c3c483ad279cb29892eb4008f0c8277d50eb3241edc6ef8
[2025-08-11 16:18:54,472 I 17636 16584] (gcs_server.exe) ray_syncer.cc:241: Connection is broken. node_id=79c4c8724c3c483ad279cb29892eb4008f0c8277d50eb3241edc6ef8
[2025-08-11 16:19:03,933 W 17636 21880] (gcs_server.exe) metric_exporter.cc:105: [1] Export metrics to agent failed: RpcError: RPC Error message: failed to connect to all addresses; last error: UNAVAILABLE: ipv4:127.0.0.1:60801: Connection refused; RPC Error details:  rpc_code: 14. This won't affect Ray, but you can lose metrics from the cluster.
