[2025-08-11 16:24:11,559 I 20612 17032] (gcs_server.exe) gcs_server_main.cc:91: Ray cluster metadata ray_version=2.46.0 ray_commit=c3dd2ca0c2a24ddf327a213d2e936bd4eaa4ca0a
[2025-08-11 16:24:11,560 I 20612 17032] (gcs_server.exe) io_service_pool.cc:36: IOServicePool is running with 1 io_service.
[2025-08-11 16:24:11,567 I 20612 17032] (gcs_server.exe) event.cc:500: Ray Event initialized for GCS
[2025-08-11 16:24:11,568 I 20612 17032] (gcs_server.exe) event.cc:500: Ray Event initialized for EXPORT_NODE
[2025-08-11 16:24:11,568 I 20612 17032] (gcs_server.exe) event.cc:500: Ray Event initialized for EXPORT_ACTOR
[2025-08-11 16:24:11,568 I 20612 17032] (gcs_server.exe) event.cc:500: Ray Event initialized for EXPORT_DRIVER_JOB
[2025-08-11 16:24:11,568 I 20612 17032] (gcs_server.exe) event.cc:331: Set ray event level to warning
[2025-08-11 16:24:11,568 I 20612 17032] (gcs_server.exe) gcs_server.cc:76: GCS storage type is StorageType::IN_MEMORY
[2025-08-11 16:24:11,569 I 20612 17032] (gcs_server.exe) gcs_init_data.cc:46: Loading job table data.
[2025-08-11 16:24:11,569 I 20612 17032] (gcs_server.exe) gcs_init_data.cc:56: Loading node table data.
[2025-08-11 16:24:11,569 I 20612 17032] (gcs_server.exe) gcs_init_data.cc:78: Loading actor table data.
[2025-08-11 16:24:11,569 I 20612 17032] (gcs_server.exe) gcs_init_data.cc:89: Loading actor task spec table data.
[2025-08-11 16:24:11,569 I 20612 17032] (gcs_server.exe) gcs_init_data.cc:66: Loading placement group table data.
[2025-08-11 16:24:11,569 I 20612 17032] (gcs_server.exe) gcs_init_data.cc:52: Finished loading job table data, size = 0
[2025-08-11 16:24:11,569 I 20612 17032] (gcs_server.exe) gcs_init_data.cc:62: Finished loading node table data, size = 0
[2025-08-11 16:24:11,569 I 20612 17032] (gcs_server.exe) gcs_init_data.cc:85: Finished loading actor table data, size = 0
[2025-08-11 16:24:11,569 I 20612 17032] (gcs_server.exe) gcs_init_data.cc:96: Finished loading actor task spec table data, size = 0
[2025-08-11 16:24:11,569 I 20612 17032] (gcs_server.exe) gcs_init_data.cc:74: Finished loading placement group table data, size = 0
[2025-08-11 16:24:11,569 I 20612 17032] (gcs_server.exe) gcs_server.cc:160: No existing server cluster ID found. Generating new ID: e33b55243011a4d7fe083790893d002c8581800fa376e0a42e7d0f3e
[2025-08-11 16:24:11,570 I 20612 17032] (gcs_server.exe) gcs_server.cc:675: Autoscaler V2 enabled: 0
[2025-08-11 16:24:11,571 I 20612 17032] (gcs_server.exe) grpc_server.cc:138: GcsServer server started, listening on port 8888.
[2025-08-11 16:24:11,592 I 20612 17032] (gcs_server.exe) gcs_server.cc:248: Gcs Debug state:

GcsNodeManager: 
- RegisterNode request count: 0
- DrainNode request count: 0
- GetAllNodeInfo request count: 0

GcsActorManager: 
- RegisterActor request count: 0
- CreateActor request count: 0
- GetActorInfo request count: 0
- GetNamedActorInfo request count: 0
- GetAllActorInfo request count: 0
- KillActor request count: 0
- ListNamedActors request count: 0
- Registered actors count: 0
- Destroyed actors count: 0
- Named actors count: 0
- Unresolved actors count: 0
- Pending actors count: 0
- Created actors count: 0
- owners_: 0
- actor_to_register_callbacks_: 0
- actor_to_restart_callbacks_: 0
- actor_to_create_callbacks_: 0
- sorted_destroyed_actor_list_: 0

GcsResourceManager: 
- GetAllAvailableResources request count: 0
- GetAllTotalResources request count: 0
- GetAllResourceUsage request count: 0

GcsPlacementGroupManager: 
- CreatePlacementGroup request count: 0
- RemovePlacementGroup request count: 0
- GetPlacementGroup request count: 0
- GetAllPlacementGroup request count: 0
- WaitPlacementGroupUntilReady request count: 0
- GetNamedPlacementGroup request count: 0
- Scheduling pending placement group count: 0
- Registered placement groups count: 0
- Named placement group count: 0
- Pending placement groups count: 0
- Infeasible placement groups count: 0

Publisher:

[runtime env manager] ID to URIs table:
[runtime env manager] URIs reference table:

GcsTaskManager: 
-Total num task events reported: 0
-Total num status task events dropped: 0
-Total num profile events dropped: 0
-Current num of task events stored: 0
-Total num of actor creation tasks: 0
-Total num of actor tasks: 0
-Total num of normal tasks: 0
-Total num of driver tasks: 0

GcsAutoscalerStateManager: 
- last_seen_autoscaler_state_version_: 0
- last_cluster_resource_state_version_: 0
- pending demands:



[2025-08-11 16:24:11,592 I 20612 17032] (gcs_server.exe) gcs_server.cc:874: Main service Event stats:


Global stats: 24 total (4 active)
Queueing time: mean = 8.818 ms, max = 22.712 ms, min = 200.000 ns, total = 211.628 ms
Execution time:  mean = 1.900 ms, total = 45.609 ms
Event stats:
	GcsInMemoryStore.Put - 8 total (0 active), Execution time: mean = 2.841 ms, total = 22.731 ms, Queueing time: mean = 19.622 ms, max = 22.558 ms, min = 1.800 us, total = 156.978 ms
	GcsInMemoryStore.GetAll - 5 total (0 active), Execution time: mean = 8.020 us, total = 40.100 us, Queueing time: mean = 32.940 us, max = 36.700 us, min = 30.100 us, total = 164.700 us
	PeriodicalRunner.RunFnPeriodically - 4 total (2 active, 1 running), Execution time: mean = 2.525 us, total = 10.100 us, Queueing time: mean = 11.344 ms, max = 22.712 ms, min = 22.665 ms, total = 45.377 ms
	event_loop_lag_probe - 2 total (0 active), Execution time: mean = 36.000 us, total = 72.000 us, Queueing time: mean = 4.517 ms, max = 8.990 ms, min = 44.900 us, total = 9.035 ms
	GcsInitData::AsyncLoad - 1 total (0 active), Execution time: mean = 12.200 us, total = 12.200 us, Queueing time: mean = 200.000 ns, max = 200.000 ns, min = 200.000 ns, total = 200.000 ns
	GcsServer.GetOrGenerateClusterId.continuation - 1 total (0 active), Execution time: mean = 22.717 ms, total = 22.717 ms, Queueing time: mean = 200.000 ns, max = 200.000 ns, min = 200.000 ns, total = 200.000 ns
	RayletLoadPulled - 1 total (1 active), Execution time: mean = 0.000 s, total = 0.000 s, Queueing time: mean = 0.000 s, max = -0.000 s, min = 9223372036.855 s, total = 0.000 s
	GcsInMemoryStore.Get - 1 total (0 active), Execution time: mean = 27.200 us, total = 27.200 us, Queueing time: mean = 73.800 us, max = 73.800 us, min = 73.800 us, total = 73.800 us
	ClusterResourceManager.ResetRemoteNodeView - 1 total (1 active), Execution time: mean = 0.000 s, total = 0.000 s, Queueing time: mean = 0.000 s, max = -0.000 s, min = 9223372036.855 s, total = 0.000 s


[2025-08-11 16:24:11,593 I 20612 17032] (gcs_server.exe) gcs_server.cc:878: task_io_context Event stats:


Global stats: 4 total (1 active)
Queueing time: mean = 42.625 us, max = 152.400 us, min = 7.100 us, total = 170.500 us
Execution time:  mean = 154.325 us, total = 617.300 us
Event stats:
	event_loop_lag_probe - 2 total (0 active), Execution time: mean = 306.350 us, total = 612.700 us, Queueing time: mean = 81.700 us, max = 152.400 us, min = 11.000 us, total = 163.400 us
	PeriodicalRunner.RunFnPeriodically - 1 total (0 active), Execution time: mean = 4.600 us, total = 4.600 us, Queueing time: mean = 7.100 us, max = 7.100 us, min = 7.100 us, total = 7.100 us
	GcsTaskManager.GcJobSummary - 1 total (1 active), Execution time: mean = 0.000 s, total = 0.000 s, Queueing time: mean = 0.000 s, max = -0.000 s, min = 9223372036.855 s, total = 0.000 s


[2025-08-11 16:24:11,593 I 20612 17032] (gcs_server.exe) gcs_server.cc:878: pubsub_io_context Event stats:


Global stats: 4 total (1 active)
Queueing time: mean = 141.900 us, max = 546.600 us, min = 2.400 us, total = 567.600 us
Execution time:  mean = 137.900 us, total = 551.600 us
Event stats:
	event_loop_lag_probe - 2 total (0 active), Execution time: mean = 270.850 us, total = 541.700 us, Queueing time: mean = 274.500 us, max = 546.600 us, min = 2.400 us, total = 549.000 us
	PeriodicalRunner.RunFnPeriodically - 1 total (0 active), Execution time: mean = 9.900 us, total = 9.900 us, Queueing time: mean = 18.600 us, max = 18.600 us, min = 18.600 us, total = 18.600 us
	Publisher.CheckDeadSubscribers - 1 total (1 active), Execution time: mean = 0.000 s, total = 0.000 s, Queueing time: mean = 0.000 s, max = -0.000 s, min = 9223372036.855 s, total = 0.000 s


[2025-08-11 16:24:11,593 I 20612 17032] (gcs_server.exe) gcs_server.cc:878: ray_syncer_io_context Event stats:


Global stats: 4 total (0 active)
Queueing time: mean = 149.525 us, max = 580.700 us, min = 2.000 us, total = 598.100 us
Execution time:  mean = 114.800 us, total = 459.200 us
Event stats:
	event_loop_lag_probe - 2 total (0 active), Execution time: mean = 227.900 us, total = 455.800 us, Queueing time: mean = 291.350 us, max = 580.700 us, min = 2.000 us, total = 582.700 us
	RaySyncerRegister - 2 total (0 active), Execution time: mean = 1.700 us, total = 3.400 us, Queueing time: mean = 7.700 us, max = 8.600 us, min = 6.800 us, total = 15.400 us


[2025-08-11 16:24:13,098 I 20612 17032] (gcs_server.exe) gcs_node_manager.cc:92: Registering node info, address = 192.168.30.153, node name = 192.168.30.153 node_id=f9c8ee147e07ae111c5dc7e2b8699b6e8c779c650eb44657922e2553
[2025-08-11 16:24:13,098 I 20612 17032] (gcs_server.exe) gcs_node_manager.cc:98: Finished registering node info, address = 192.168.30.153, node name = 192.168.30.153, is_head_node = 1 node_id=f9c8ee147e07ae111c5dc7e2b8699b6e8c779c650eb44657922e2553
[2025-08-11 16:24:13,098 I 20612 17032] (gcs_server.exe) gcs_placement_group_mgr.cc:851: A new node: f9c8ee147e07ae111c5dc7e2b8699b6e8c779c650eb44657922e2553 registered, will try to reschedule all the infeasible placement groups.
[2025-08-11 16:24:13,108 I 20612 19448] (gcs_server.exe) ray_syncer.cc:244: Get connection node_id=f9c8ee147e07ae111c5dc7e2b8699b6e8c779c650eb44657922e2553
[2025-08-11 16:24:13,829 I 20612 17032] (gcs_server.exe) gcs_node_manager.cc:386: Removing node, node name = 192.168.30.153, death reason = UNEXPECTED_TERMINATION, death message = dashboard_agent failed and raylet fate-shares with it. node_id=f9c8ee147e07ae111c5dc7e2b8699b6e8c779c650eb44657922e2553
[2025-08-11 16:24:13,829 W 20612 17032] (gcs_server.exe) gcs_node_manager.cc:415: The node with node id: f9c8ee147e07ae111c5dc7e2b8699b6e8c779c650eb44657922e2553 and address: 192.168.30.153 and node name: 192.168.30.153 has been marked dead because the detector has missed too many heartbeats from it. This can happen when a 	(1) raylet crashes unexpectedly (OOM, etc.) 
	(2) raylet has lagging heartbeats due to slow network or busy workload.
[2025-08-11 16:24:13,829 I 20612 17032] (gcs_server.exe) gcs_placement_group_mgr.cc:802: Node is dead, rescheduling the placement groups on the dead node. node_id=f9c8ee147e07ae111c5dc7e2b8699b6e8c779c650eb44657922e2553
[2025-08-11 16:24:13,829 I 20612 17032] (gcs_server.exe) gcs_actor_manager.cc:1299: Node is dead, reconstructing actors. node_id=f9c8ee147e07ae111c5dc7e2b8699b6e8c779c650eb44657922e2553
[2025-08-11 16:24:13,829 I 20612 17032] (gcs_server.exe) gcs_job_manager.cc:478: Node is dead, mark all jobs from this node as finished node_id=f9c8ee147e07ae111c5dc7e2b8699b6e8c779c650eb44657922e2553
[2025-08-11 16:24:14,026 I 20612 21076] (gcs_server.exe) ray_syncer_bidi_reactor_base.h:182: Failed to read the message from: f9c8ee147e07ae111c5dc7e2b8699b6e8c779c650eb44657922e2553
[2025-08-11 16:24:14,027 I 20612 21076] (gcs_server.exe) ray_syncer.cc:241: Connection is broken. node_id=f9c8ee147e07ae111c5dc7e2b8699b6e8c779c650eb44657922e2553
[2025-08-11 16:24:23,665 W 20612 5704] (gcs_server.exe) metric_exporter.cc:105: [1] Export metrics to agent failed: RpcError: RPC Error message: failed to connect to all addresses; last error: UNAVAILABLE: ipv4:127.0.0.1:52437: Connection refused; RPC Error details:  rpc_code: 14. This won't affect Ray, but you can lose metrics from the cluster.
[2025-08-11 16:25:11,602 I 20612 17032] (gcs_server.exe) gcs_server.cc:248: Gcs Debug state:

GcsNodeManager: 
- RegisterNode request count: 1
- DrainNode request count: 0
- GetAllNodeInfo request count: 4

GcsActorManager: 
- RegisterActor request count: 0
- CreateActor request count: 0
- GetActorInfo request count: 0
- GetNamedActorInfo request count: 0
- GetAllActorInfo request count: 0
- KillActor request count: 0
- ListNamedActors request count: 0
- Registered actors count: 0
- Destroyed actors count: 0
- Named actors count: 0
- Unresolved actors count: 0
- Pending actors count: 0
- Created actors count: 0
- owners_: 0
- actor_to_register_callbacks_: 0
- actor_to_restart_callbacks_: 0
- actor_to_create_callbacks_: 0
- sorted_destroyed_actor_list_: 0

GcsResourceManager: 
- GetAllAvailableResources request count: 0
- GetAllTotalResources request count: 0
- GetAllResourceUsage request count: 0

GcsPlacementGroupManager: 
- CreatePlacementGroup request count: 0
- RemovePlacementGroup request count: 0
- GetPlacementGroup request count: 0
- GetAllPlacementGroup request count: 0
- WaitPlacementGroupUntilReady request count: 0
- GetNamedPlacementGroup request count: 0
- Scheduling pending placement group count: 0
- Registered placement groups count: 0
- Named placement group count: 0
- Pending placement groups count: 0
- Infeasible placement groups count: 0

Publisher:
GCS_NODE_INFO_CHANNEL
- cumulative published messages: 2
- cumulative published bytes: 535
- current buffered bytes: 138
RAY_ERROR_INFO_CHANNEL
- cumulative published messages: 1
- cumulative published bytes: 459
- current buffered bytes: 0

[runtime env manager] ID to URIs table:
[runtime env manager] URIs reference table:

GcsTaskManager: 
-Total num task events reported: 0
-Total num status task events dropped: 0
-Total num profile events dropped: 0
-Current num of task events stored: 0
-Total num of actor creation tasks: 0
-Total num of actor tasks: 0
-Total num of normal tasks: 0
-Total num of driver tasks: 0

GcsAutoscalerStateManager: 
- last_seen_autoscaler_state_version_: 0
- last_cluster_resource_state_version_: 0
- pending demands:



[2025-08-11 16:25:11,603 I 20612 17032] (gcs_server.exe) gcs_server.cc:874: Main service Event stats:


Global stats: 504 total (4 active)
Queueing time: mean = 1.894 ms, max = 22.712 ms, min = -0.000 s, total = 954.517 ms
Execution time:  mean = 198.690 us, total = 100.140 ms
Event stats:
	event_loop_lag_probe - 235 total (0 active), Execution time: mean = 37.413 us, total = 8.792 ms, Queueing time: mean = 54.151 us, max = 8.990 ms, min = 1.900 us, total = 12.726 ms
	GcsInMemoryStore.Put - 81 total (0 active), Execution time: mean = 291.264 us, total = 23.592 ms, Queueing time: mean = 2.139 ms, max = 22.558 ms, min = 1.800 us, total = 173.291 ms
	RayletLoadPulled - 60 total (1 active), Execution time: mean = 56.575 us, total = 3.394 ms, Queueing time: mean = 8.663 ms, max = 16.634 ms, min = -0.000 s, total = 519.751 ms
	ClusterResourceManager.ResetRemoteNodeView - 20 total (1 active), Execution time: mean = 26.925 us, total = 538.500 us, Queueing time: mean = 8.763 ms, max = 15.467 ms, min = -0.000 s, total = 175.255 ms
	GcsInMemoryStore.Get - 16 total (0 active), Execution time: mean = 37.544 us, total = 600.700 us, Queueing time: mean = 16.056 us, max = 73.800 us, min = 4.000 us, total = 256.900 us
	InternalKVGcsService.grpc_server.InternalKVGet - 15 total (0 active), Execution time: mean = 541.953 us, total = 8.129 ms, Queueing time: mean = 0.000 s, max = -0.000 s, min = 9223372036.855 s, total = 0.000 s
	InternalKVGcsService.grpc_server.InternalKVGet.HandleRequestImpl - 15 total (0 active), Execution time: mean = 52.613 us, total = 789.200 us, Queueing time: mean = 101.987 us, max = 410.200 us, min = 16.100 us, total = 1.530 ms
	GcsInMemoryStore.GetAll - 7 total (0 active), Execution time: mean = 11.671 us, total = 81.700 us, Queueing time: mean = 29.657 us, max = 36.700 us, min = 10.200 us, total = 207.600 us
	GCSServer.deadline_timer.debug_state_dump - 6 total (1 active), Execution time: mean = 1.864 ms, total = 11.183 ms, Queueing time: mean = 4.083 ms, max = 9.254 ms, min = 2.043 ms, total = 24.497 ms
	InternalKVGcsService.grpc_server.InternalKVPut - 5 total (0 active), Execution time: mean = 455.640 us, total = 2.278 ms, Queueing time: mean = 0.000 s, max = -0.000 s, min = 9223372036.855 s, total = 0.000 s
	InternalKVGcsService.grpc_server.InternalKVPut.HandleRequestImpl - 5 total (0 active), Execution time: mean = 33.040 us, total = 165.200 us, Queueing time: mean = 62.560 us, max = 94.200 us, min = 21.700 us, total = 312.800 us
	NodeInfoGcsService.grpc_server.GetClusterId - 4 total (0 active), Execution time: mean = 894.375 us, total = 3.578 ms, Queueing time: mean = 0.000 s, max = -0.000 s, min = 9223372036.855 s, total = 0.000 s
	NodeInfoGcsService.grpc_server.GetAllNodeInfo - 4 total (0 active), Execution time: mean = 354.000 us, total = 1.416 ms, Queueing time: mean = 0.000 s, max = -0.000 s, min = 9223372036.855 s, total = 0.000 s
	NodeInfoGcsService.grpc_server.GetAllNodeInfo.HandleRequestImpl - 4 total (0 active), Execution time: mean = 30.975 us, total = 123.900 us, Queueing time: mean = 45.425 us, max = 92.900 us, min = 14.900 us, total = 181.700 us
	NodeInfoGcsService.grpc_server.GetClusterId.HandleRequestImpl - 4 total (0 active), Execution time: mean = 491.650 us, total = 1.967 ms, Queueing time: mean = 82.850 us, max = 175.000 us, min = 17.900 us, total = 331.400 us
	PeriodicalRunner.RunFnPeriodically - 4 total (0 active), Execution time: mean = 241.800 us, total = 967.200 us, Queueing time: mean = 11.448 ms, max = 22.712 ms, min = 35.100 us, total = 45.792 ms
	NodeInfoGcsService.grpc_server.CheckAlive.HandleRequestImpl - 1 total (0 active), Execution time: mean = 39.200 us, total = 39.200 us, Queueing time: mean = 83.700 us, max = 83.700 us, min = 83.700 us, total = 83.700 us
	NodeInfoGcsService.grpc_server.RegisterNode.HandleRequestImpl - 1 total (0 active), Execution time: mean = 236.300 us, total = 236.300 us, Queueing time: mean = 55.100 us, max = 55.100 us, min = 55.100 us, total = 55.100 us
	GcsResourceManager::Update - 1 total (0 active), Execution time: mean = 77.100 us, total = 77.100 us, Queueing time: mean = 35.400 us, max = 35.400 us, min = 35.400 us, total = 35.400 us
	NodeInfoGcsService.grpc_server.UnregisterNode.HandleRequestImpl - 1 total (0 active), Execution time: mean = 1.048 ms, total = 1.048 ms, Queueing time: mean = 18.200 us, max = 18.200 us, min = 18.200 us, total = 18.200 us
	NodeManagerService.grpc_client.GetResourceLoad - 1 total (0 active), Execution time: mean = 4.338 ms, total = 4.338 ms, Queueing time: mean = 0.000 s, max = -0.000 s, min = 9223372036.855 s, total = 0.000 s
	InternalKVGcsService.grpc_server.GetInternalConfig - 1 total (0 active), Execution time: mean = 245.400 us, total = 245.400 us, Queueing time: mean = 0.000 s, max = -0.000 s, min = 9223372036.855 s, total = 0.000 s
	GcsHealthCheckManager::AddNode - 1 total (0 active), Execution time: mean = 24.800 us, total = 24.800 us, Queueing time: mean = 1.500 us, max = 1.500 us, min = 1.500 us, total = 1.500 us
	GcsInitData::AsyncLoad - 1 total (0 active), Execution time: mean = 12.200 us, total = 12.200 us, Queueing time: mean = 200.000 ns, max = 200.000 ns, min = 200.000 ns, total = 200.000 ns
	InternalKVGcsService.grpc_server.GetInternalConfig.HandleRequestImpl - 1 total (0 active), Execution time: mean = 17.500 us, total = 17.500 us, Queueing time: mean = 11.900 us, max = 11.900 us, min = 11.900 us, total = 11.900 us
	GCSServer.deadline_timer.debug_state_event_stats_print - 1 total (1 active, 1 running), Execution time: mean = 0.000 s, total = 0.000 s, Queueing time: mean = 0.000 s, max = -0.000 s, min = 9223372036.855 s, total = 0.000 s
	JobInfoGcsService.grpc_server.GetAllJobInfo.HandleRequestImpl - 1 total (0 active), Execution time: mean = 40.800 us, total = 40.800 us, Queueing time: mean = 82.000 us, max = 82.000 us, min = 82.000 us, total = 82.000 us
	JobInfoGcsService.grpc_server.GetAllJobInfo - 1 total (0 active), Execution time: mean = 544.400 us, total = 544.400 us, Queueing time: mean = 0.000 s, max = -0.000 s, min = 9223372036.855 s, total = 0.000 s
	NodeInfoGcsService.grpc_server.RegisterNode - 1 total (0 active), Execution time: mean = 1.400 ms, total = 1.400 ms, Queueing time: mean = 0.000 s, max = -0.000 s, min = 9223372036.855 s, total = 0.000 s
	NodeInfoGcsService.grpc_server.CheckAlive - 1 total (0 active), Execution time: mean = 548.200 us, total = 548.200 us, Queueing time: mean = 0.000 s, max = -0.000 s, min = 9223372036.855 s, total = 0.000 s
	GcsServer.GetOrGenerateClusterId.continuation - 1 total (0 active), Execution time: mean = 22.717 ms, total = 22.717 ms, Queueing time: mean = 200.000 ns, max = 200.000 ns, min = 200.000 ns, total = 200.000 ns
	NodeManagerService.grpc_client.GetResourceLoad.OnReplyReceived - 1 total (0 active), Execution time: mean = 51.200 us, total = 51.200 us, Queueing time: mean = 21.800 us, max = 21.800 us, min = 21.800 us, total = 21.800 us
	GcsHealthCheckManager::RemoveNode - 1 total (0 active), Execution time: mean = 500.000 ns, total = 500.000 ns, Queueing time: mean = 400.000 ns, max = 400.000 ns, min = 400.000 ns, total = 400.000 ns
	GcsHealthCheckManager::MarkNodeHealthy - 1 total (0 active), Execution time: mean = 2.300 us, total = 2.300 us, Queueing time: mean = 75.200 us, max = 75.200 us, min = 75.200 us, total = 75.200 us
	NodeInfoGcsService.grpc_server.UnregisterNode - 1 total (0 active), Execution time: mean = 1.201 ms, total = 1.201 ms, Queueing time: mean = 0.000 s, max = -0.000 s, min = 9223372036.855 s, total = 0.000 s


[2025-08-11 16:25:11,603 I 20612 17032] (gcs_server.exe) gcs_server.cc:878: task_io_context Event stats:


Global stats: 248 total (1 active)
Queueing time: mean = 365.564 us, max = 16.076 ms, min = 1.300 us, total = 90.660 ms
Execution time:  mean = 33.280 us, total = 8.253 ms
Event stats:
	event_loop_lag_probe - 235 total (0 active), Execution time: mean = 34.548 us, total = 8.119 ms, Queueing time: mean = 18.064 us, max = 419.200 us, min = 1.300 us, total = 4.245 ms
	GcsTaskManager.GcJobSummary - 12 total (1 active), Execution time: mean = 10.833 us, total = 130.000 us, Queueing time: mean = 7.201 ms, max = 16.076 ms, min = 661.500 us, total = 86.408 ms
	PeriodicalRunner.RunFnPeriodically - 1 total (0 active), Execution time: mean = 4.600 us, total = 4.600 us, Queueing time: mean = 7.100 us, max = 7.100 us, min = 7.100 us, total = 7.100 us


[2025-08-11 16:25:11,603 I 20612 17032] (gcs_server.exe) gcs_server.cc:878: pubsub_io_context Event stats:


Global stats: 243 total (1 active)
Queueing time: mean = 17.050 us, max = 546.600 us, min = 1.400 us, total = 4.143 ms
Execution time:  mean = 3.036 ms, total = 737.676 ms
Event stats:
	event_loop_lag_probe - 235 total (0 active), Execution time: mean = 31.142 us, total = 7.318 ms, Queueing time: mean = 16.700 us, max = 546.600 us, min = 1.400 us, total = 3.925 ms
	InternalPubSubGcsService.grpc_server.GcsSubscriberCommandBatch - 2 total (0 active), Execution time: mean = 532.000 us, total = 1.064 ms, Queueing time: mean = 0.000 s, max = -0.000 s, min = 9223372036.855 s, total = 0.000 s
	InternalPubSubGcsService.grpc_server.GcsSubscriberCommandBatch.HandleRequestImpl - 2 total (0 active), Execution time: mean = 64.900 us, total = 129.800 us, Queueing time: mean = 62.250 us, max = 68.000 us, min = 56.500 us, total = 124.500 us
	Publisher.CheckDeadSubscribers - 1 total (1 active), Execution time: mean = 0.000 s, total = 0.000 s, Queueing time: mean = 0.000 s, max = -0.000 s, min = 9223372036.855 s, total = 0.000 s
	InternalPubSubGcsService.grpc_server.GcsSubscriberPoll - 1 total (0 active), Execution time: mean = 729.125 ms, total = 729.125 ms, Queueing time: mean = 0.000 s, max = -0.000 s, min = 9223372036.855 s, total = 0.000 s
	PeriodicalRunner.RunFnPeriodically - 1 total (0 active), Execution time: mean = 9.900 us, total = 9.900 us, Queueing time: mean = 18.600 us, max = 18.600 us, min = 18.600 us, total = 18.600 us
	InternalPubSubGcsService.grpc_server.GcsSubscriberPoll.HandleRequestImpl - 1 total (0 active), Execution time: mean = 29.300 us, total = 29.300 us, Queueing time: mean = 75.600 us, max = 75.600 us, min = 75.600 us, total = 75.600 us


[2025-08-11 16:25:11,604 I 20612 17032] (gcs_server.exe) gcs_server.cc:878: ray_syncer_io_context Event stats:


Global stats: 243 total (0 active)
Queueing time: mean = 17.447 us, max = 580.700 us, min = 700.000 ns, total = 4.239 ms
Execution time:  mean = 34.312 us, total = 8.338 ms
Event stats:
	event_loop_lag_probe - 235 total (0 active), Execution time: mean = 32.792 us, total = 7.706 ms, Queueing time: mean = 16.024 us, max = 580.700 us, min = 1.700 us, total = 3.766 ms
	 - 5 total (0 active), Execution time: mean = 121.240 us, total = 606.200 us, Queueing time: mean = 91.540 us, max = 246.200 us, min = 1.400 us, total = 457.700 us
	RaySyncerRegister - 2 total (0 active), Execution time: mean = 1.700 us, total = 3.400 us, Queueing time: mean = 7.700 us, max = 8.600 us, min = 6.800 us, total = 15.400 us
	RaySyncer.BroadcastMessage - 1 total (0 active), Execution time: mean = 22.100 us, total = 22.100 us, Queueing time: mean = 700.000 ns, max = 700.000 ns, min = 700.000 ns, total = 700.000 ns


[2025-08-11 16:26:11,612 I 20612 17032] (gcs_server.exe) gcs_server.cc:248: Gcs Debug state:

GcsNodeManager: 
- RegisterNode request count: 1
- DrainNode request count: 0
- GetAllNodeInfo request count: 4

GcsActorManager: 
- RegisterActor request count: 0
- CreateActor request count: 0
- GetActorInfo request count: 0
- GetNamedActorInfo request count: 0
- GetAllActorInfo request count: 0
- KillActor request count: 0
- ListNamedActors request count: 0
- Registered actors count: 0
- Destroyed actors count: 0
- Named actors count: 0
- Unresolved actors count: 0
- Pending actors count: 0
- Created actors count: 0
- owners_: 0
- actor_to_register_callbacks_: 0
- actor_to_restart_callbacks_: 0
- actor_to_create_callbacks_: 0
- sorted_destroyed_actor_list_: 0

GcsResourceManager: 
- GetAllAvailableResources request count: 0
- GetAllTotalResources request count: 0
- GetAllResourceUsage request count: 0

GcsPlacementGroupManager: 
- CreatePlacementGroup request count: 0
- RemovePlacementGroup request count: 0
- GetPlacementGroup request count: 0
- GetAllPlacementGroup request count: 0
- WaitPlacementGroupUntilReady request count: 0
- GetNamedPlacementGroup request count: 0
- Scheduling pending placement group count: 0
- Registered placement groups count: 0
- Named placement group count: 0
- Pending placement groups count: 0
- Infeasible placement groups count: 0

Publisher:
GCS_NODE_INFO_CHANNEL
- cumulative published messages: 2
- cumulative published bytes: 535
- current buffered bytes: 138
RAY_ERROR_INFO_CHANNEL
- cumulative published messages: 1
- cumulative published bytes: 459
- current buffered bytes: 0

[runtime env manager] ID to URIs table:
[runtime env manager] URIs reference table:

GcsTaskManager: 
-Total num task events reported: 0
-Total num status task events dropped: 0
-Total num profile events dropped: 0
-Current num of task events stored: 0
-Total num of actor creation tasks: 0
-Total num of actor tasks: 0
-Total num of normal tasks: 0
-Total num of driver tasks: 0

GcsAutoscalerStateManager: 
- last_seen_autoscaler_state_version_: 0
- last_cluster_resource_state_version_: 0
- pending demands:



[2025-08-11 16:26:11,612 I 20612 17032] (gcs_server.exe) gcs_server.cc:874: Main service Event stats:


Global stats: 923 total (4 active)
Queueing time: mean = 1.839 ms, max = 22.712 ms, min = -0.000 s, total = 1.698 s
Execution time:  mean = 152.374 us, total = 140.641 ms
Event stats:
	event_loop_lag_probe - 467 total (0 active), Execution time: mean = 36.149 us, total = 16.882 ms, Queueing time: mean = 38.305 us, max = 8.990 ms, min = 1.900 us, total = 17.889 ms
	GcsInMemoryStore.Put - 153 total (0 active), Execution time: mean = 155.886 us, total = 23.851 ms, Queueing time: mean = 1.175 ms, max = 22.558 ms, min = 1.800 us, total = 179.822 ms
	RayletLoadPulled - 120 total (1 active), Execution time: mean = 35.447 us, total = 4.254 ms, Queueing time: mean = 8.463 ms, max = 17.545 ms, min = -0.000 s, total = 1.016 s
	ClusterResourceManager.ResetRemoteNodeView - 40 total (1 active), Execution time: mean = 45.080 us, total = 1.803 ms, Queueing time: mean = 9.276 ms, max = 15.467 ms, min = -0.000 s, total = 371.027 ms
	GcsInMemoryStore.Get - 24 total (0 active), Execution time: mean = 100.071 us, total = 2.402 ms, Queueing time: mean = 20.875 us, max = 127.800 us, min = 4.000 us, total = 501.000 us
	InternalKVGcsService.grpc_server.InternalKVGet - 23 total (0 active), Execution time: mean = 677.148 us, total = 15.574 ms, Queueing time: mean = 0.000 s, max = -0.000 s, min = 9223372036.855 s, total = 0.000 s
	InternalKVGcsService.grpc_server.InternalKVGet.HandleRequestImpl - 23 total (0 active), Execution time: mean = 66.087 us, total = 1.520 ms, Queueing time: mean = 110.848 us, max = 419.500 us, min = 16.100 us, total = 2.550 ms
	GCSServer.deadline_timer.debug_state_dump - 12 total (1 active), Execution time: mean = 2.237 ms, total = 26.843 ms, Queueing time: mean = 4.487 ms, max = 12.092 ms, min = 69.000 us, total = 53.842 ms
	GcsInMemoryStore.GetAll - 7 total (0 active), Execution time: mean = 11.671 us, total = 81.700 us, Queueing time: mean = 29.657 us, max = 36.700 us, min = 10.200 us, total = 207.600 us
	NodeInfoGcsService.grpc_server.GetClusterId - 6 total (0 active), Execution time: mean = 836.967 us, total = 5.022 ms, Queueing time: mean = 0.000 s, max = -0.000 s, min = 9223372036.855 s, total = 0.000 s
	NodeInfoGcsService.grpc_server.GetClusterId.HandleRequestImpl - 6 total (0 active), Execution time: mean = 492.400 us, total = 2.954 ms, Queueing time: mean = 70.733 us, max = 175.000 us, min = 17.900 us, total = 424.400 us
	InternalKVGcsService.grpc_server.InternalKVPut - 5 total (0 active), Execution time: mean = 455.640 us, total = 2.278 ms, Queueing time: mean = 0.000 s, max = -0.000 s, min = 9223372036.855 s, total = 0.000 s
	InternalKVGcsService.grpc_server.InternalKVPut.HandleRequestImpl - 5 total (0 active), Execution time: mean = 33.040 us, total = 165.200 us, Queueing time: mean = 62.560 us, max = 94.200 us, min = 21.700 us, total = 312.800 us
	NodeInfoGcsService.grpc_server.GetAllNodeInfo - 4 total (0 active), Execution time: mean = 354.000 us, total = 1.416 ms, Queueing time: mean = 0.000 s, max = -0.000 s, min = 9223372036.855 s, total = 0.000 s
	NodeInfoGcsService.grpc_server.GetAllNodeInfo.HandleRequestImpl - 4 total (0 active), Execution time: mean = 30.975 us, total = 123.900 us, Queueing time: mean = 45.425 us, max = 92.900 us, min = 14.900 us, total = 181.700 us
	PeriodicalRunner.RunFnPeriodically - 4 total (0 active), Execution time: mean = 241.800 us, total = 967.200 us, Queueing time: mean = 11.448 ms, max = 22.712 ms, min = 35.100 us, total = 45.792 ms
	GCSServer.deadline_timer.debug_state_event_stats_print - 2 total (1 active, 1 running), Execution time: mean = 980.450 us, total = 1.961 ms, Queueing time: mean = 4.536 ms, max = 9.072 ms, min = 9.072 ms, total = 9.072 ms
	NodeInfoGcsService.grpc_server.RegisterNode.HandleRequestImpl - 1 total (0 active), Execution time: mean = 236.300 us, total = 236.300 us, Queueing time: mean = 55.100 us, max = 55.100 us, min = 55.100 us, total = 55.100 us
	GcsResourceManager::Update - 1 total (0 active), Execution time: mean = 77.100 us, total = 77.100 us, Queueing time: mean = 35.400 us, max = 35.400 us, min = 35.400 us, total = 35.400 us
	NodeInfoGcsService.grpc_server.UnregisterNode.HandleRequestImpl - 1 total (0 active), Execution time: mean = 1.048 ms, total = 1.048 ms, Queueing time: mean = 18.200 us, max = 18.200 us, min = 18.200 us, total = 18.200 us
	NodeManagerService.grpc_client.GetResourceLoad - 1 total (0 active), Execution time: mean = 4.338 ms, total = 4.338 ms, Queueing time: mean = 0.000 s, max = -0.000 s, min = 9223372036.855 s, total = 0.000 s
	InternalKVGcsService.grpc_server.GetInternalConfig - 1 total (0 active), Execution time: mean = 245.400 us, total = 245.400 us, Queueing time: mean = 0.000 s, max = -0.000 s, min = 9223372036.855 s, total = 0.000 s
	GcsHealthCheckManager::AddNode - 1 total (0 active), Execution time: mean = 24.800 us, total = 24.800 us, Queueing time: mean = 1.500 us, max = 1.500 us, min = 1.500 us, total = 1.500 us
	GcsInitData::AsyncLoad - 1 total (0 active), Execution time: mean = 12.200 us, total = 12.200 us, Queueing time: mean = 200.000 ns, max = 200.000 ns, min = 200.000 ns, total = 200.000 ns
	InternalKVGcsService.grpc_server.GetInternalConfig.HandleRequestImpl - 1 total (0 active), Execution time: mean = 17.500 us, total = 17.500 us, Queueing time: mean = 11.900 us, max = 11.900 us, min = 11.900 us, total = 11.900 us
	JobInfoGcsService.grpc_server.GetAllJobInfo - 1 total (0 active), Execution time: mean = 544.400 us, total = 544.400 us, Queueing time: mean = 0.000 s, max = -0.000 s, min = 9223372036.855 s, total = 0.000 s
	JobInfoGcsService.grpc_server.GetAllJobInfo.HandleRequestImpl - 1 total (0 active), Execution time: mean = 40.800 us, total = 40.800 us, Queueing time: mean = 82.000 us, max = 82.000 us, min = 82.000 us, total = 82.000 us
	NodeInfoGcsService.grpc_server.CheckAlive - 1 total (0 active), Execution time: mean = 548.200 us, total = 548.200 us, Queueing time: mean = 0.000 s, max = -0.000 s, min = 9223372036.855 s, total = 0.000 s
	NodeInfoGcsService.grpc_server.RegisterNode - 1 total (0 active), Execution time: mean = 1.400 ms, total = 1.400 ms, Queueing time: mean = 0.000 s, max = -0.000 s, min = 9223372036.855 s, total = 0.000 s
	GcsHealthCheckManager::RemoveNode - 1 total (0 active), Execution time: mean = 500.000 ns, total = 500.000 ns, Queueing time: mean = 400.000 ns, max = 400.000 ns, min = 400.000 ns, total = 400.000 ns
	GcsServer.GetOrGenerateClusterId.continuation - 1 total (0 active), Execution time: mean = 22.717 ms, total = 22.717 ms, Queueing time: mean = 200.000 ns, max = 200.000 ns, min = 200.000 ns, total = 200.000 ns
	NodeManagerService.grpc_client.GetResourceLoad.OnReplyReceived - 1 total (0 active), Execution time: mean = 51.200 us, total = 51.200 us, Queueing time: mean = 21.800 us, max = 21.800 us, min = 21.800 us, total = 21.800 us
	NodeInfoGcsService.grpc_server.CheckAlive.HandleRequestImpl - 1 total (0 active), Execution time: mean = 39.200 us, total = 39.200 us, Queueing time: mean = 83.700 us, max = 83.700 us, min = 83.700 us, total = 83.700 us
	GcsHealthCheckManager::MarkNodeHealthy - 1 total (0 active), Execution time: mean = 2.300 us, total = 2.300 us, Queueing time: mean = 75.200 us, max = 75.200 us, min = 75.200 us, total = 75.200 us
	NodeInfoGcsService.grpc_server.UnregisterNode - 1 total (0 active), Execution time: mean = 1.201 ms, total = 1.201 ms, Queueing time: mean = 0.000 s, max = -0.000 s, min = 9223372036.855 s, total = 0.000 s


[2025-08-11 16:26:11,613 I 20612 17032] (gcs_server.exe) gcs_server.cc:878: task_io_context Event stats:


Global stats: 493 total (1 active)
Queueing time: mean = 482.977 us, max = 16.805 ms, min = 1.300 us, total = 238.108 ms
Execution time:  mean = 30.748 us, total = 15.159 ms
Event stats:
	event_loop_lag_probe - 468 total (0 active), Execution time: mean = 31.551 us, total = 14.766 ms, Queueing time: mean = 17.486 us, max = 677.300 us, min = 1.300 us, total = 8.184 ms
	GcsTaskManager.GcJobSummary - 24 total (1 active), Execution time: mean = 16.196 us, total = 388.700 us, Queueing time: mean = 9.580 ms, max = 16.805 ms, min = 661.500 us, total = 229.917 ms
	PeriodicalRunner.RunFnPeriodically - 1 total (0 active), Execution time: mean = 4.600 us, total = 4.600 us, Queueing time: mean = 7.100 us, max = 7.100 us, min = 7.100 us, total = 7.100 us


[2025-08-11 16:26:11,613 I 20612 17032] (gcs_server.exe) gcs_server.cc:878: pubsub_io_context Event stats:


Global stats: 476 total (1 active)
Queueing time: mean = 16.066 us, max = 546.600 us, min = 1.400 us, total = 7.647 ms
Execution time:  mean = 1.565 ms, total = 744.724 ms
Event stats:
	event_loop_lag_probe - 468 total (0 active), Execution time: mean = 30.698 us, total = 14.367 ms, Queueing time: mean = 15.873 us, max = 546.600 us, min = 1.400 us, total = 7.428 ms
	InternalPubSubGcsService.grpc_server.GcsSubscriberCommandBatch - 2 total (0 active), Execution time: mean = 532.000 us, total = 1.064 ms, Queueing time: mean = 0.000 s, max = -0.000 s, min = 9223372036.855 s, total = 0.000 s
	InternalPubSubGcsService.grpc_server.GcsSubscriberCommandBatch.HandleRequestImpl - 2 total (0 active), Execution time: mean = 64.900 us, total = 129.800 us, Queueing time: mean = 62.250 us, max = 68.000 us, min = 56.500 us, total = 124.500 us
	Publisher.CheckDeadSubscribers - 1 total (1 active), Execution time: mean = 0.000 s, total = 0.000 s, Queueing time: mean = 0.000 s, max = -0.000 s, min = 9223372036.855 s, total = 0.000 s
	InternalPubSubGcsService.grpc_server.GcsSubscriberPoll - 1 total (0 active), Execution time: mean = 729.125 ms, total = 729.125 ms, Queueing time: mean = 0.000 s, max = -0.000 s, min = 9223372036.855 s, total = 0.000 s
	PeriodicalRunner.RunFnPeriodically - 1 total (0 active), Execution time: mean = 9.900 us, total = 9.900 us, Queueing time: mean = 18.600 us, max = 18.600 us, min = 18.600 us, total = 18.600 us
	InternalPubSubGcsService.grpc_server.GcsSubscriberPoll.HandleRequestImpl - 1 total (0 active), Execution time: mean = 29.300 us, total = 29.300 us, Queueing time: mean = 75.600 us, max = 75.600 us, min = 75.600 us, total = 75.600 us


[2025-08-11 16:26:11,613 I 20612 17032] (gcs_server.exe) gcs_server.cc:878: ray_syncer_io_context Event stats:


Global stats: 476 total (0 active)
Queueing time: mean = 17.724 us, max = 580.700 us, min = 700.000 ns, total = 8.437 ms
Execution time:  mean = 36.196 us, total = 17.229 ms
Event stats:
	event_loop_lag_probe - 468 total (0 active), Execution time: mean = 35.465 us, total = 16.598 ms, Queueing time: mean = 17.015 us, max = 580.700 us, min = 1.700 us, total = 7.963 ms
	 - 5 total (0 active), Execution time: mean = 121.240 us, total = 606.200 us, Queueing time: mean = 91.540 us, max = 246.200 us, min = 1.400 us, total = 457.700 us
	RaySyncerRegister - 2 total (0 active), Execution time: mean = 1.700 us, total = 3.400 us, Queueing time: mean = 7.700 us, max = 8.600 us, min = 6.800 us, total = 15.400 us
	RaySyncer.BroadcastMessage - 1 total (0 active), Execution time: mean = 22.100 us, total = 22.100 us, Queueing time: mean = 700.000 ns, max = 700.000 ns, min = 700.000 ns, total = 700.000 ns


