[2025-08-11 16:24:13,041 I 8280 11980] (raylet.exe) main.cc:226: Setting cluster ID to: e33b55243011a4d7fe083790893d002c8581800fa376e0a42e7d0f3e
[2025-08-11 16:24:13,046 I 8280 11980] (raylet.exe) main.cc:497: Raylet is not set to kill unknown children.
[2025-08-11 16:24:13,046 I 8280 11980] (raylet.exe) io_service_pool.cc:36: IOServicePool is running with 1 io_service.
[2025-08-11 16:24:13,046 I 8280 11980] (raylet.exe) main.cc:497: Setting node ID node_id=f9c8ee147e07ae111c5dc7e2b8699b6e8c779c650eb44657922e2553
[2025-08-11 16:24:13,046 I 8280 11980] (raylet.exe) store_runner.cc:50: Allowing the Plasma store to use up to 1.1023GB of memory.
[2025-08-11 16:24:13,046 I 8280 11980] (raylet.exe) store_runner.cc:66: Starting object store with directory C:\Users\Student\AppData\Local\Temp, fallback C:\Users\Student\projects\SoupeUp\temp\ray\session_2025-08-11_16-24-11_511542_25632, and huge page support disabled
[2025-08-11 16:24:13,047 I 8280 12408] (raylet.exe) dlmalloc.cc:324: Setting dlmalloc config: plasma_directory=C:\Users\Student\AppData\Local\Temp, fallback_directory=C:\Users\Student\projects\SoupeUp\temp\ray\session_2025-08-11_16-24-11_511542_25632, hugepage_enabled=0, fallback_enabled=1
[2025-08-11 16:24:13,047 I 8280 12408] (raylet.exe) store.cc:583: Plasma store debug dump: 
Current usage: 0 / 1.1023 GB
- num bytes created total: 0
0 pending objects of total size 0MB
- objects spillable: 0
- bytes spillable: 0
- objects unsealed: 0
- bytes unsealed: 0
- objects in use: 0
- bytes in use: 0
- objects evictable: 0
- bytes evictable: 0

- objects created by worker: 0
- bytes created by worker: 0
- objects restored: 0
- bytes restored: 0
- objects received: 0
- bytes received: 0
- objects errored: 0
- bytes errored: 0

[2025-08-11 16:24:13,054 I 8280 11980] (raylet.exe) grpc_server.cc:138: ObjectManager server started, listening on port 50548.
[2025-08-11 16:24:13,055 I 8280 11980] (raylet.exe) worker_killing_policy.cc:107: Running GroupByOwner policy.
[2025-08-11 16:24:13,055 W 8280 11980] (raylet.exe) memory_monitor.cc:68: Not running MemoryMonitor. It is currently supported only on Linux.
[2025-08-11 16:24:13,055 I 8280 11980] (raylet.exe) node_manager.cc:300: Initializing NodeManager node_id=f9c8ee147e07ae111c5dc7e2b8699b6e8c779c650eb44657922e2553
[2025-08-11 16:24:13,057 I 8280 11980] (raylet.exe) grpc_server.cc:138: NodeManager server started, listening on port 50550.
[2025-08-11 16:24:13,074 I 8280 12972] (raylet.exe) agent_manager.cc:81: Monitor agent process with name dashboard_agent
[2025-08-11 16:24:13,088 I 8280 10828] (raylet.exe) agent_manager.cc:81: Monitor agent process with name runtime_env_agent
[2025-08-11 16:24:13,097 I 8280 11980] (raylet.exe) event.cc:500: Ray Event initialized for RAYLET
[2025-08-11 16:24:13,097 I 8280 11980] (raylet.exe) event.cc:331: Set ray event level to warning
[2025-08-11 16:24:13,099 I 8280 11980] (raylet.exe) raylet.cc:138: Raylet of id, f9c8ee147e07ae111c5dc7e2b8699b6e8c779c650eb44657922e2553 started. Raylet consists of node_manager and object_manager. node_manager address: 192.168.30.153:50550 object_manager address: 192.168.30.153:50548 hostname: SPSIT
[2025-08-11 16:24:13,106 I 8280 11980] (raylet.exe) node_manager.cc:535: [state-dump] NodeManager:
[state-dump] Node ID: f9c8ee147e07ae111c5dc7e2b8699b6e8c779c650eb44657922e2553
[state-dump] Node name: 192.168.30.153
[state-dump] InitialConfigResources: {object_store_memory: 1.1023e+09, node:192.168.30.153: 1, CPU: 12, memory: 2.57202e+09, node:__internal_head__: 1}
[state-dump] ClusterTaskManager:
[state-dump] ========== Node: f9c8ee147e07ae111c5dc7e2b8699b6e8c779c650eb44657922e2553 =================
[state-dump] Infeasible queue length: 0
[state-dump] Schedule queue length: 0
[state-dump] Dispatch queue length: 0
[state-dump] num_waiting_for_resource: 0
[state-dump] num_waiting_for_plasma_memory: 0
[state-dump] num_waiting_for_remote_node_resources: 0
[state-dump] num_worker_not_started_by_job_config_not_exist: 0
[state-dump] num_worker_not_started_by_registration_timeout: 0
[state-dump] num_tasks_waiting_for_workers: 0
[state-dump] num_cancelled_tasks: 0
[state-dump] cluster_resource_scheduler state: 
[state-dump] Local id: 2694440939179441299 Local resources: {"total":{object_store_memory: [11022962680000], CPU: [120000], memory: [25720246280000], node:192.168.30.153: [10000], node:__internal_head__: [10000]}}, "available": {node:192.168.30.153: [10000], CPU: [120000], memory: [25720246280000], object_store_memory: [11022962680000], node:__internal_head__: [10000]}}, "labels":{"ray.io/node_id":"f9c8ee147e07ae111c5dc7e2b8699b6e8c779c650eb44657922e2553",} is_draining: 0 is_idle: 1 Cluster resources (at most 20 nodes are shown): node id: 2694440939179441299{"total":{object_store_memory: 11022962680000, node:192.168.30.153: 10000, CPU: 120000, memory: 25720246280000, node:__internal_head__: 10000}}, "available": {node:192.168.30.153: 10000, CPU: 120000, memory: 25720246280000, object_store_memory: 11022962680000, node:__internal_head__: 10000}}, "labels":{"ray.io/node_id":"f9c8ee147e07ae111c5dc7e2b8699b6e8c779c650eb44657922e2553",}, "is_draining": 0, "draining_deadline_timestamp_ms": -1} { "placement group locations": [], "node to bundles": []}
[state-dump] Waiting tasks size: 0
[state-dump] Number of executing tasks: 0
[state-dump] Number of pinned task arguments: 0
[state-dump] Number of total spilled tasks: 0
[state-dump] Number of spilled waiting tasks: 0
[state-dump] Number of spilled unschedulable tasks: 0
[state-dump] Resource usage {
[state-dump] }
[state-dump] Backlog Size per scheduling descriptor :{workerId: num backlogs}:
[state-dump] 
[state-dump] Running tasks by scheduling class:
[state-dump] ==================================================
[state-dump] 
[state-dump] ClusterResources:
[state-dump] LocalObjectManager:
[state-dump] - num pinned objects: 0
[state-dump] - pinned objects size: 0
[state-dump] - num objects pending restore: 0
[state-dump] - num objects pending spill: 0
[state-dump] - num bytes pending spill: 0
[state-dump] - num bytes currently spilled: 0
[state-dump] - cumulative spill requests: 0
[state-dump] - cumulative restore requests: 0
[state-dump] - spilled objects pending delete: 0
[state-dump] 
[state-dump] ObjectManager:
[state-dump] - num local objects: 0
[state-dump] - num unfulfilled push requests: 0
[state-dump] - num object pull requests: 0
[state-dump] - num chunks received total: 0
[state-dump] - num chunks received failed (all): 0
[state-dump] - num chunks received failed / cancelled: 0
[state-dump] - num chunks received failed / plasma error: 0
[state-dump] Event stats:
[state-dump] Global stats: 0 total (0 active)
[state-dump] Queueing time: mean = -nan(ind) s, max = -0.000 s, min = 9223372036.855 s, total = 0.000 s
[state-dump] Execution time:  mean = -nan(ind) s, total = 0.000 s
[state-dump] Event stats:
[state-dump] PushManager:
[state-dump] - num pushes in flight: 0
[state-dump] - num chunks in flight: 0
[state-dump] - num chunks remaining: 0
[state-dump] - max chunks allowed: 409
[state-dump] OwnershipBasedObjectDirectory:
[state-dump] - num listeners: 0
[state-dump] - cumulative location updates: 1932105470400
[state-dump] - num location updates per second: 483026429952000.000
[state-dump] - num location lookups per second: 0.000
[state-dump] - num locations added per second: 35175307783400000.000
[state-dump] - num locations removed per second: 483026370536000.000
[state-dump] BufferPool:
[state-dump] - create buffer state map size: 0
[state-dump] PullManager:
[state-dump] - num bytes available for pulled objects: 1102296268
[state-dump] - num bytes being pulled (all): 0
[state-dump] - num bytes being pulled / pinned: 0
[state-dump] - get request bundles: BundlePullRequestQueue{0 total, 0 active, 0 inactive, 0 unpullable}
[state-dump] - wait request bundles: BundlePullRequestQueue{0 total, 0 active, 0 inactive, 0 unpullable}
[state-dump] - task request bundles: BundlePullRequestQueue{0 total, 0 active, 0 inactive, 0 unpullable}
[state-dump] - first get request bundle: N/A
[state-dump] - first wait request bundle: N/A
[state-dump] - first task request bundle: N/A
[state-dump] - num objects queued: 0
[state-dump] - num objects actively pulled (all): 0
[state-dump] - num objects actively pulled / pinned: 0
[state-dump] - num bundles being pulled: 0
[state-dump] - num pull retries: 0
[state-dump] - max timeout seconds: 0
[state-dump] - max timeout request is already processed. No entry.
[state-dump] 
[state-dump] WorkerPool:
[state-dump] - registered jobs: 0
[state-dump] - process_failed_job_config_missing: 0
[state-dump] - process_failed_rate_limited: 0
[state-dump] - process_failed_pending_registration: 0
[state-dump] - process_failed_runtime_env_setup_failed: 0
[state-dump] - num PYTHON workers: 0
[state-dump] - num PYTHON drivers: 0
[state-dump] - num PYTHON pending start requests: 0
[state-dump] - num PYTHON pending registration requests: 0
[state-dump] - num object spill callbacks queued: 0
[state-dump] - num object restore queued: 0
[state-dump] - num util functions queued: 0
[state-dump] - num idle workers: 0
[state-dump] TaskDependencyManager:
[state-dump] - task deps map size: 0
[state-dump] - get req map size: 0
[state-dump] - wait req map size: 0
[state-dump] - local objects map size: 0
[state-dump] WaitManager:
[state-dump] - num active wait requests: 0
[state-dump] Subscriber:
[state-dump] Channel WORKER_REF_REMOVED_CHANNEL
[state-dump] - cumulative subscribe requests: 0
[state-dump] - cumulative unsubscribe requests: 0
[state-dump] - active subscribed publishers: 0
[state-dump] - cumulative published messages: 0
[state-dump] - cumulative processed messages: 0
[state-dump] Channel WORKER_OBJECT_LOCATIONS_CHANNEL
[state-dump] - cumulative subscribe requests: 0
[state-dump] - cumulative unsubscribe requests: 0
[state-dump] - active subscribed publishers: 0
[state-dump] - cumulative published messages: 0
[state-dump] - cumulative processed messages: 0
[state-dump] Channel WORKER_OBJECT_EVICTION
[state-dump] - cumulative subscribe requests: 0
[state-dump] - cumulative unsubscribe requests: 0
[state-dump] - active subscribed publishers: 0
[state-dump] - cumulative published messages: 0
[state-dump] - cumulative processed messages: 0
[state-dump] num async plasma notifications: 0
[state-dump] Event stats:
[state-dump] Global stats: 27 total (13 active)
[state-dump] Queueing time: mean = 5.908 ms, max = 42.327 ms, min = 14.300 us, total = 159.513 ms
[state-dump] Execution time:  mean = 2.289 ms, total = 61.792 ms
[state-dump] Event stats:
[state-dump] 	PeriodicalRunner.RunFnPeriodically - 11 total (2 active, 1 running), Execution time: mean = 426.145 us, total = 4.688 ms, Queueing time: mean = 14.494 ms, max = 42.327 ms, min = 65.900 us, total = 159.431 ms
[state-dump] 	ray::rpc::InternalPubSubGcsService.grpc_client.GcsSubscriberCommandBatch - 1 total (0 active), Execution time: mean = 1.135 ms, total = 1.135 ms, Queueing time: mean = 0.000 s, max = -0.000 s, min = 9223372036.855 s, total = 0.000 s
[state-dump] 	ray::rpc::InternalPubSubGcsService.grpc_client.GcsSubscriberPoll - 1 total (1 active), Execution time: mean = 0.000 s, total = 0.000 s, Queueing time: mean = 0.000 s, max = -0.000 s, min = 9223372036.855 s, total = 0.000 s
[state-dump] 	ray::rpc::NodeInfoGcsService.grpc_client.RegisterNode.OnReplyReceived - 1 total (0 active), Execution time: mean = 673.500 us, total = 673.500 us, Queueing time: mean = 68.100 us, max = 68.100 us, min = 68.100 us, total = 68.100 us
[state-dump] 	NodeManager.GCTaskFailureReason - 1 total (1 active), Execution time: mean = 0.000 s, total = 0.000 s, Queueing time: mean = 0.000 s, max = -0.000 s, min = 9223372036.855 s, total = 0.000 s
[state-dump] 	NodeManager.deadline_timer.record_metrics - 1 total (1 active), Execution time: mean = 0.000 s, total = 0.000 s, Queueing time: mean = 0.000 s, max = -0.000 s, min = 9223372036.855 s, total = 0.000 s
[state-dump] 	ray::rpc::InternalKVGcsService.grpc_client.GetInternalConfig.OnReplyReceived - 1 total (0 active), Execution time: mean = 52.401 ms, total = 52.401 ms, Queueing time: mean = 14.300 us, max = 14.300 us, min = 14.300 us, total = 14.300 us
[state-dump] 	NodeManager.CheckForUnexpectedWorkerDisconnects - 1 total (1 active), Execution time: mean = 0.000 s, total = 0.000 s, Queueing time: mean = 0.000 s, max = -0.000 s, min = 9223372036.855 s, total = 0.000 s
[state-dump] 	ClusterResourceManager.ResetRemoteNodeView - 1 total (1 active), Execution time: mean = 0.000 s, total = 0.000 s, Queueing time: mean = 0.000 s, max = -0.000 s, min = 9223372036.855 s, total = 0.000 s
[state-dump] 	ray::rpc::InternalPubSubGcsService.grpc_client.GcsSubscriberCommandBatch.OnReplyReceived - 1 total (1 active), Execution time: mean = 0.000 s, total = 0.000 s, Queueing time: mean = 0.000 s, max = -0.000 s, min = 9223372036.855 s, total = 0.000 s
[state-dump] 	NodeManager.deadline_timer.spill_objects_when_over_threshold - 1 total (1 active), Execution time: mean = 0.000 s, total = 0.000 s, Queueing time: mean = 0.000 s, max = -0.000 s, min = 9223372036.855 s, total = 0.000 s
[state-dump] 	ray::rpc::NodeInfoGcsService.grpc_client.RegisterNode - 1 total (0 active), Execution time: mean = 2.240 ms, total = 2.240 ms, Queueing time: mean = 0.000 s, max = -0.000 s, min = 9223372036.855 s, total = 0.000 s
[state-dump] 	NodeManager.deadline_timer.debug_state_dump - 1 total (1 active), Execution time: mean = 0.000 s, total = 0.000 s, Queueing time: mean = 0.000 s, max = -0.000 s, min = 9223372036.855 s, total = 0.000 s
[state-dump] 	NodeManager.deadline_timer.flush_free_objects - 1 total (1 active), Execution time: mean = 0.000 s, total = 0.000 s, Queueing time: mean = 0.000 s, max = -0.000 s, min = 9223372036.855 s, total = 0.000 s
[state-dump] 	RayletWorkerPool.deadline_timer.kill_idle_workers - 1 total (1 active), Execution time: mean = 0.000 s, total = 0.000 s, Queueing time: mean = 0.000 s, max = -0.000 s, min = 9223372036.855 s, total = 0.000 s
[state-dump] 	NodeManager.ScheduleAndDispatchTasks - 1 total (1 active), Execution time: mean = 0.000 s, total = 0.000 s, Queueing time: mean = 0.000 s, max = -0.000 s, min = 9223372036.855 s, total = 0.000 s
[state-dump] 	ray::rpc::InternalKVGcsService.grpc_client.GetInternalConfig - 1 total (0 active), Execution time: mean = 655.000 us, total = 655.000 us, Queueing time: mean = 0.000 s, max = -0.000 s, min = 9223372036.855 s, total = 0.000 s
[state-dump] DebugString() time ms: 0
[state-dump] 
[state-dump] 
[2025-08-11 16:24:13,107 I 8280 11980] (raylet.exe) accessor.cc:765: Received notification for node, IsAlive = 1 node_id=f9c8ee147e07ae111c5dc7e2b8699b6e8c779c650eb44657922e2553
[2025-08-11 16:24:13,828 I 8280 12972] (raylet.exe) agent_manager.cc:83: Agent process with name dashboard_agent exited, exit code -1073740791.
[2025-08-11 16:24:13,828 E 8280 12972] (raylet.exe) agent_manager.cc:87: The raylet exited immediately because one Ray agent failed, agent_name = dashboard_agent.
The raylet fate shares with the agent. This can happen because
- The version of `grpcio` doesn't follow Ray's requirement. Agent can segfault with the incorrect `grpcio` version. Check the grpcio version `pip freeze | grep grpcio`.
- The agent failed to start because of unexpected error or port conflict. Read the log `cat /tmp/ray/session_latest/logs/{dashboard_agent|runtime_env_agent}.log`. You can find the log file structure here https://docs.ray.io/en/master/ray-observability/user-guides/configure-logging.html#logging-directory-structure.
- The agent is killed by the OS (e.g., out of memory).
[2025-08-11 16:24:13,828 I 8280 11980] (raylet.exe) main.cc:307: Raylet graceful shutdown triggered, reason = UNEXPECTED_TERMINATION, reason message = dashboard_agent failed and raylet fate-shares with it.
[2025-08-11 16:24:13,828 I 8280 11980] (raylet.exe) main.cc:310: Shutting down...
[2025-08-11 16:24:13,828 I 8280 11980] (raylet.exe) accessor.cc:515: Unregistering node node_id=f9c8ee147e07ae111c5dc7e2b8699b6e8c779c650eb44657922e2553
[2025-08-11 16:24:13,829 I 8280 11980] (raylet.exe) accessor.cc:528: Finished unregistering node info, status = OK node_id=f9c8ee147e07ae111c5dc7e2b8699b6e8c779c650eb44657922e2553
[2025-08-11 16:24:13,830 W 8280 12408] (raylet.exe) store.cc:368: Disconnecting client due to connection error with code 2: End of file
[2025-08-11 16:24:13,831 I 8280 11980] (raylet.exe) agent_manager.cc:116: Killing agent dashboard_agent, pid 6412.
[2025-08-11 16:24:13,831 I 8280 11980] (raylet.exe) agent_manager.cc:116: Killing agent runtime_env_agent, pid 11852.
[2025-08-11 16:24:13,833 I 8280 10828] (raylet.exe) agent_manager.cc:83: Agent process with name runtime_env_agent exited, exit code 1067.
[2025-08-11 16:24:13,833 I 8280 11980] (raylet.exe) io_service_pool.cc:48: IOServicePool is stopped.
[2025-08-11 16:24:14,022 I 8280 11980] (raylet.exe) stats.h:120: Stats module has shutdown.
[2025-08-11 16:24:14,022 E 8280 11980] (raylet.exe) logging.cc:496: *** SIGSEGV received at time=1754911454 ***
[2025-08-11 16:24:14,023 E 8280 11980] (raylet.exe) logging.cc:496:     @   00007FF78EAAD739  (unknown)  (unknown)
[2025-08-11 16:24:14,023 E 8280 11980] (raylet.exe) logging.cc:496:     @   00007FFBB80AF47F  (unknown)  (unknown)
[2025-08-11 16:24:14,023 E 8280 11980] (raylet.exe) logging.cc:496:     @   00007FFBDFAC6FEF  (unknown)  (unknown)
[2025-08-11 16:24:14,023 E 8280 11980] (raylet.exe) logging.cc:496:     @   00007FFBDF9D4557  (unknown)  (unknown)
[2025-08-11 16:24:14,023 E 8280 11980] (raylet.exe) logging.cc:496:     @   00007FFBDFAC692E  (unknown)  (unknown)
[2025-08-11 16:24:14,023 E 8280 11980] (raylet.exe) logging.cc:496:     @   00007FF78E3ADEFA  (unknown)  (unknown)
[2025-08-11 16:24:14,023 E 8280 11980] (raylet.exe) logging.cc:496:     @   00007FF78E474234  (unknown)  (unknown)
[2025-08-11 16:24:14,023 E 8280 11980] (raylet.exe) logging.cc:496:     @   00007FF78E472C9F  (unknown)  (unknown)
[2025-08-11 16:24:14,023 E 8280 11980] (raylet.exe) logging.cc:496:     @   00007FF78E4761BD  (unknown)  (unknown)
[2025-08-11 16:24:14,023 E 8280 11980] (raylet.exe) logging.cc:496:     @   00007FF78E3AFDF2  (unknown)  (unknown)
[2025-08-11 16:24:14,023 E 8280 11980] (raylet.exe) logging.cc:496:     @   00007FF78E3AA9F0  (unknown)  (unknown)
[2025-08-11 16:24:14,023 E 8280 11980] (raylet.exe) logging.cc:496:     @   00007FF78E31DC14  (unknown)  (unknown)
[2025-08-11 16:24:14,023 E 8280 11980] (raylet.exe) logging.cc:496:     @   00007FF78E1BD788  (unknown)  (unknown)
[2025-08-11 16:24:14,023 E 8280 11980] (raylet.exe) logging.cc:496:     @   00007FF78E1D6949  (unknown)  (unknown)
[2025-08-11 16:24:14,023 E 8280 11980] (raylet.exe) logging.cc:496:     @   00007FF78E5110A9  (unknown)  (unknown)
[2025-08-11 16:24:14,023 E 8280 11980] (raylet.exe) logging.cc:496:     @   00007FF78E509E3A  (unknown)  (unknown)
[2025-08-11 16:24:14,023 E 8280 11980] (raylet.exe) logging.cc:496:     @   00007FF78E50A384  (unknown)  (unknown)
[2025-08-11 16:24:14,023 E 8280 11980] (raylet.exe) logging.cc:496:     @   00007FF78EA1F80C  (unknown)  (unknown)
[2025-08-11 16:24:14,023 E 8280 11980] (raylet.exe) logging.cc:496:     @   00007FF78EA24AA4  (unknown)  (unknown)
[2025-08-11 16:24:14,023 E 8280 11980] (raylet.exe) logging.cc:496:     @   00007FF78EA23E03  (unknown)  (unknown)
[2025-08-11 16:24:14,023 E 8280 11980] (raylet.exe) logging.cc:496:     @   00007FF78E14FDB9  (unknown)  (unknown)
[2025-08-11 16:24:14,023 E 8280 11980] (raylet.exe) logging.cc:496:     @   00007FF78EA68598  (unknown)  (unknown)
[2025-08-11 16:24:14,023 E 8280 11980] (raylet.exe) logging.cc:496:     @   00007FFBDE1DE8D7  (unknown)  (unknown)
[2025-08-11 16:24:14,023 E 8280 11980] (raylet.exe) logging.cc:496:     @   00007FFBDF99C34C  (unknown)  (unknown)
